c:\users\ngs\documents\visual studio 2015\projects\quiz\quiz\debug\vc140.pdb
c:\users\ngs\documents\visual studio 2015\projects\quiz\quiz\debug\vc140.idb
c:\users\ngs\documents\visual studio 2015\projects\quiz\quiz\debug\paterno.obj
c:\users\ngs\documents\visual studio 2015\projects\elevator quiz\quiz\debug\vc140.pdb
c:\users\ngs\documents\visual studio 2015\projects\elevator quiz\quiz\debug\vc140.idb
c:\users\ngs\documents\visual studio 2015\projects\elevator quiz\quiz\debug\spencer ng elevator.obj
c:\users\ngs\documents\visual studio 2015\projects\quiz\debug\quiz.ilk
c:\users\ngs\documents\visual studio 2015\projects\quiz\debug\quiz.exe
c:\users\ngs\documents\visual studio 2015\projects\quiz\debug\quiz.pdb
c:\users\ngs\documents\visual studio 2015\projects\elevator quiz\quiz\debug\paterno.obj
c:\users\ngs\documents\visual studio 2015\projects\elevator quiz\debug\quiz.pdb
c:\users\ngs\documents\visual studio 2015\projects\elevator quiz\quiz\debug\quiz.tlog\cl.command.1.tlog
c:\users\ngs\documents\visual studio 2015\projects\elevator quiz\quiz\debug\quiz.tlog\cl.read.1.tlog
c:\users\ngs\documents\visual studio 2015\projects\elevator quiz\quiz\debug\quiz.tlog\cl.write.1.tlog
c:\users\ngs\documents\visual studio 2015\projects\elevator quiz\quiz\debug\quiz.tlog\link-cvtres.read.1.tlog
c:\users\ngs\documents\visual studio 2015\projects\elevator quiz\quiz\debug\quiz.tlog\link-cvtres.write.1.tlog
c:\users\ngs\documents\visual studio 2015\projects\elevator quiz\quiz\debug\quiz.tlog\link-rc.read.1.tlog
c:\users\ngs\documents\visual studio 2015\projects\elevator quiz\quiz\debug\quiz.tlog\link-rc.write.1.tlog
c:\users\ngs\documents\visual studio 2015\projects\elevator quiz\quiz\debug\quiz.tlog\link.2724-cvtres.read.1.tlog
c:\users\ngs\documents\visual studio 2015\projects\elevator quiz\quiz\debug\quiz.tlog\link.2724-cvtres.write.1.tlog
c:\users\ngs\documents\visual studio 2015\projects\elevator quiz\quiz\debug\quiz.tlog\link.2724-rc.read.1.tlog
c:\users\ngs\documents\visual studio 2015\projects\elevator quiz\quiz\debug\quiz.tlog\link.2724-rc.write.1.tlog
c:\users\ngs\documents\visual studio 2015\projects\elevator quiz\quiz\debug\quiz.tlog\link.2724.read.1.tlog
c:\users\ngs\documents\visual studio 2015\projects\elevator quiz\quiz\debug\quiz.tlog\link.2724.write.1.tlog
c:\users\ngs\documents\visual studio 2015\projects\elevator quiz\quiz\debug\quiz.tlog\link.command.1.tlog
c:\users\ngs\documents\visual studio 2015\projects\elevator quiz\quiz\debug\quiz.tlog\link.read.1.tlog
c:\users\ngs\documents\visual studio 2015\projects\elevator quiz\quiz\debug\quiz.tlog\link.write.1.tlog
